D:\PROJECT\站点访问权限控制\IHEADER\HOST\CHROME_NATIVE_MESSAGING_HOST\CHROME_NATIVE_MESSAGING_HOST\DEBUG\CHROME_NATIVE_MESSAGING_HOST.EXE.EMBED.MANIFEST
D:\PROJECT\站点访问权限控制\IHEADER\HOST\CHROME_NATIVE_MESSAGING_HOST\CHROME_NATIVE_MESSAGING_HOST\DEBUG\CHROME_NATIVE_MESSAGING_HOST.EXE.EMBED.MANIFEST.RES
D:\PROJECT\站点访问权限控制\IHEADER\HOST\CHROME_NATIVE_MESSAGING_HOST\CHROME_NATIVE_MESSAGING_HOST\DEBUG\CHROME_NATIVE_MESSAGING_HOST.EXE.INTERMEDIATE.MANIFEST
D:\PROJECT\站点访问权限控制\IHEADER\HOST\CHROME_NATIVE_MESSAGING_HOST\CHROME_NATIVE_MESSAGING_HOST\DEBUG\CHROME_NATIVE_MESSAGING_HOST.OBJ
D:\PROJECT\站点访问权限控制\IHEADER\HOST\CHROME_NATIVE_MESSAGING_HOST\CHROME_NATIVE_MESSAGING_HOST\DEBUG\CHROME_NATIVE_MESSAGING_HOST.PCH
D:\project\站点访问权限控制\IHeader\host\chrome_native_messaging_host\chrome_native_messaging_host\Debug\chrome_native_messaging_host.vcxprojResolveAssemblyReference.cache
D:\project\站点访问权限控制\IHeader\host\chrome_native_messaging_host\chrome_native_messaging_host\Debug\chrome_native_messaging_host.write.1.tlog
D:\project\站点访问权限控制\IHeader\host\chrome_native_messaging_host\chrome_native_messaging_host\Debug\chrome_native_messaging_host_manifest.rc
D:\project\站点访问权限控制\IHeader\host\chrome_native_messaging_host\chrome_native_messaging_host\Debug\cl.command.1.tlog
D:\project\站点访问权限控制\IHeader\host\chrome_native_messaging_host\chrome_native_messaging_host\Debug\CL.read.1.tlog
D:\project\站点访问权限控制\IHeader\host\chrome_native_messaging_host\chrome_native_messaging_host\Debug\CL.write.1.tlog
D:\project\站点访问权限控制\IHeader\host\chrome_native_messaging_host\chrome_native_messaging_host\Debug\link.642340.read.1.tlog
D:\project\站点访问权限控制\IHeader\host\chrome_native_messaging_host\chrome_native_messaging_host\Debug\link.642340.write.1.tlog
D:\project\站点访问权限控制\IHeader\host\chrome_native_messaging_host\chrome_native_messaging_host\Debug\link.642340-cvtres.read.1.tlog
D:\project\站点访问权限控制\IHeader\host\chrome_native_messaging_host\chrome_native_messaging_host\Debug\link.642340-cvtres.write.1.tlog
D:\project\站点访问权限控制\IHeader\host\chrome_native_messaging_host\chrome_native_messaging_host\Debug\link.command.1.tlog
D:\project\站点访问权限控制\IHeader\host\chrome_native_messaging_host\chrome_native_messaging_host\Debug\link.read.1.tlog
D:\project\站点访问权限控制\IHeader\host\chrome_native_messaging_host\chrome_native_messaging_host\Debug\link.write.1.tlog
D:\project\站点访问权限控制\IHeader\host\chrome_native_messaging_host\chrome_native_messaging_host\Debug\link-cvtres.read.1.tlog
D:\project\站点访问权限控制\IHeader\host\chrome_native_messaging_host\chrome_native_messaging_host\Debug\link-cvtres.write.1.tlog
D:\project\站点访问权限控制\IHeader\host\chrome_native_messaging_host\chrome_native_messaging_host\Debug\mt.command.1.tlog
D:\project\站点访问权限控制\IHeader\host\chrome_native_messaging_host\chrome_native_messaging_host\Debug\mt.read.1.tlog
D:\project\站点访问权限控制\IHeader\host\chrome_native_messaging_host\chrome_native_messaging_host\Debug\mt.write.1.tlog
D:\project\站点访问权限控制\IHeader\host\chrome_native_messaging_host\chrome_native_messaging_host\Debug\rc.command.1.tlog
D:\project\站点访问权限控制\IHeader\host\chrome_native_messaging_host\chrome_native_messaging_host\Debug\rc.read.1.tlog
D:\project\站点访问权限控制\IHeader\host\chrome_native_messaging_host\chrome_native_messaging_host\Debug\rc.write.1.tlog
D:\PROJECT\站点访问权限控制\IHEADER\HOST\CHROME_NATIVE_MESSAGING_HOST\CHROME_NATIVE_MESSAGING_HOST\DEBUG\STDAFX.OBJ
D:\project\站点访问权限控制\IHeader\host\chrome_native_messaging_host\chrome_native_messaging_host\Debug\vc100.idb
D:\PROJECT\站点访问权限控制\IHEADER\HOST\CHROME_NATIVE_MESSAGING_HOST\CHROME_NATIVE_MESSAGING_HOST\DEBUG\VC100.PDB
D:\PROJECT\站点访问权限控制\IHEADER\HOST\CHROME_NATIVE_MESSAGING_HOST\DEBUG\CHROME_NATIVE_MESSAGING_HOST.EXE
D:\PROJECT\站点访问权限控制\IHEADER\HOST\CHROME_NATIVE_MESSAGING_HOST\DEBUG\CHROME_NATIVE_MESSAGING_HOST.ILK
D:\PROJECT\站点访问权限控制\IHEADER\HOST\CHROME_NATIVE_MESSAGING_HOST\DEBUG\CHROME_NATIVE_MESSAGING_HOST.PDB
