生成启动时间为 2018/6/12 23:15:11。
     1>项目“D:\项目\IHeader\host\chrome_native_messaging_host\chrome_native_messaging_host\chrome_native_messaging_host.vcxproj”在节点 2 上(build 个目标)。
     1>InitializeBuildStatus:
         正在创建“Debug\chrome_native_messaging_host.unsuccessfulbuild”，因为已指定“AlwaysCreate”。
       ClCompile:
         所有输出均为最新。
         D:\Program Files (x86)\Microsoft Visual Studio 10.0\VC\bin\CL.exe /c /ZI /nologo /W3 /WX- /Od /Oy- /D WIN32 /D _DEBUG /D _CONSOLE /D _UNICODE /D UNICODE /Gm /EHsc /RTC1 /MDd /GS /fp:precise /Zc:wchar_t /Zc:forScope /Yu"StdAfx.h" /Fp"Debug\chrome_native_messaging_host.pch" /Fo"Debug\\" /Fd"Debug\vc100.pdb" /Gd /TP /analyze- /errorReport:prompt chrome_native_messaging_host.cpp
         chrome_native_messaging_host.cpp
       ManifestResourceCompile:
         所有输出均为最新。
       Link:
         D:\Program Files (x86)\Microsoft Visual Studio 10.0\VC\bin\link.exe /ERRORREPORT:PROMPT /OUT:"D:\项目\IHeader\host\chrome_native_messaging_host\Debug\chrome_native_messaging_host.exe" /INCREMENTAL /NOLOGO kernel32.lib user32.lib gdi32.lib winspool.lib comdlg32.lib advapi32.lib shell32.lib ole32.lib oleaut32.lib uuid.lib odbc32.lib odbccp32.lib /MANIFEST /ManifestFile:"Debug\chrome_native_messaging_host.exe.intermediate.manifest" /MANIFESTUAC:"level='asInvoker' uiAccess='false'" /DEBUG /PDB:"D:\项目\IHeader\host\chrome_native_messaging_host\Debug\chrome_native_messaging_host.pdb" /SUBSYSTEM:CONSOLE /TLBID:1 /DYNAMICBASE /NXCOMPAT /IMPLIB:"D:\项目\IHeader\host\chrome_native_messaging_host\Debug\chrome_native_messaging_host.lib" /MACHINE:X86 Debug\chrome_native_messaging_host.exe.embed.manifest.res
         Debug\chrome_native_messaging_host.obj
         Debug\stdafx.obj
       Manifest:
         C:\Program Files (x86)\Microsoft SDKs\Windows\v7.0A\bin\mt.exe /nologo /verbose /out:"Debug\chrome_native_messaging_host.exe.embed.manifest" /manifest Debug\chrome_native_messaging_host.exe.intermediate.manifest
         所有输出均为最新。
       LinkEmbedManifest:
         所有输出均为最新。
         chrome_native_messaging_host.vcxproj -> D:\项目\IHeader\host\chrome_native_messaging_host\Debug\chrome_native_messaging_host.exe
       FinalizeBuildStatus:
         正在删除文件“Debug\chrome_native_messaging_host.unsuccessfulbuild”。
         正在对“Debug\chrome_native_messaging_host.lastbuildstate”执行 Touch 任务。
     1>已完成生成项目“D:\项目\IHeader\host\chrome_native_messaging_host\chrome_native_messaging_host\chrome_native_messaging_host.vcxproj”(build 个目标)的操作。

生成成功。

已用时间 00:00:01.21
